#
# There is insufficient memory for the Java Runtime Environment to continue.
# Native memory allocation (mmap) failed to map 336592896 bytes for G1 virtual space
# Possible reasons:
#   The system is out of physical RAM or swap space
#   The process is running with CompressedOops enabled, and the Java Heap may be blocking the growth of the native heap
# Possible solutions:
#   Reduce memory load on the system
#   Increase physical memory or swap space
#   Check if swap backing store is full
#   Decrease Java heap size (-Xmx/-Xms)
#   Decrease number of Java threads
#   Decrease Java thread stack sizes (-Xss)
#   Set larger code cache with -XX:ReservedCodeCacheSize=
#   JVM is running with Unscaled Compressed Oops mode in which the Java heap is
#     placed in the first 4GB address space. The Java Heap base address is the
#     maximum limit for the native heap growth. Please use -XX:HeapBaseMinAddress
#     to set the Java Heap base and to place the Java Heap above 4GB virtual address.
# This output file may be truncated or incomplete.
#
#  Out of Memory Error (./open/src/hotspot/os/windows/os_windows.cpp:3321), pid=8608, tid=10672
#
# JRE version: OpenJDK Runtime Environment (15.0.2+7) (build 15.0.2+7-27)
# Java VM: OpenJDK 64-Bit Server VM (15.0.2+7-27, mixed mode, sharing, tiered, compressed oops, g1 gc, windows-amd64)
# No core dump will be written. Minidumps are not enabled by default on client versions of Windows
#

---------------  S U M M A R Y ------------

Command Line: -javaagent:C:\Program Files\JetBrains\IntelliJ IDEA Community Edition 2020.3.2\lib\idea_rt.jar=52056:C:\Program Files\JetBrains\IntelliJ IDEA Community Edition 2020.3.2\bin -Dfile.encoding=UTF-8 com.company.Main

Host: Intel(R) Core(TM) i3-7020U CPU @ 2.30GHz, 4 cores, 7G,  Windows 10 , 64 bit Build 18362 (10.0.18362.329)
Time: Sat May 29 16:25:28 2021 RTZ 2 (ceia) elapsed time: 1.222351 seconds (0d 0h 0m 1s)

---------------  T H R E A D  ---------------

Current thread (0x0000016030e80250):  VMThread "VM Thread" [stack: 0x00000043f8d00000,0x00000043f8e00000] [id=10672]

Stack: [0x00000043f8d00000,0x00000043f8e00000]
[error occurred during error reporting (printing stack bounds), id 0xc0000005, EXCEPTION_ACCESS_VIOLATION (0xc0000005) at pc=0x000001601a6f10ad]

Native frames: (J=compiled Java code, j=interpreted, Vv=VM code, C=native code)
V  [jvm.dll+0x62ae9a]
V  [jvm.dll+0x7817a9]
V  [jvm.dll+0x782f03]
V  [jvm.dll+0x7834c5]
V  [jvm.dll+0x78347b]
V  [jvm.dll+0x62a2b9]
V  [jvm.dll+0x62aa88]
C  [ntdll.dll+0xa11ff]
C  [ntdll.dll+0x6a289]
C  [ntdll.dll+0x9fe6e]
C  0x000001601a6f10ad

VM_Operation (0x00000043f87ff330): G1CollectForAllocation, mode: safepoint, requested by thread 0x0000016010cbbbc0


---------------  P R O C E S S  ---------------

Threads class SMR info:
_java_thread_list=0x0000016031c2c3f0, length=12, elements={
0x0000016010cbbbc0, 0x0000016030e877c0, 0x0000016030e882a0, 0x0000016030e9ff80,
0x0000016030ea2850, 0x0000016030ea3110, 0x0000016030ea5210, 0x0000016030eaab40,
0x000001603182af60, 0x0000016030e669c0, 0x0000016031a05710, 0x000001603191fb70
}

Java Threads: ( => current thread )
  0x0000016010cbbbc0 JavaThread "main" [_thread_blocked, id=11984, stack(0x00000043f8700000,0x00000043f8800000)]
  0x0000016030e877c0 JavaThread "Reference Handler" daemon [_thread_blocked, id=2000, stack(0x00000043f8e00000,0x00000043f8f00000)]
  0x0000016030e882a0 JavaThread "Finalizer" daemon [_thread_blocked, id=1600, stack(0x00000043f8f00000,0x00000043f9000000)]
  0x0000016030e9ff80 JavaThread "Signal Dispatcher" daemon [_thread_blocked, id=4004, stack(0x00000043f9000000,0x00000043f9100000)]
  0x0000016030ea2850 JavaThread "Attach Listener" daemon [_thread_blocked, id=4140, stack(0x00000043f9100000,0x00000043f9200000)]
  0x0000016030ea3110 JavaThread "Service Thread" daemon [_thread_blocked, id=2020, stack(0x00000043f9200000,0x00000043f9300000)]
  0x0000016030ea5210 JavaThread "C2 CompilerThread0" daemon [_thread_blocked, id=13056, stack(0x00000043f9300000,0x00000043f9400000)]
  0x0000016030eaab40 JavaThread "C1 CompilerThread0" daemon [_thread_blocked, id=11556, stack(0x00000043f9400000,0x00000043f9500000)]
  0x000001603182af60 JavaThread "Sweeper thread" daemon [_thread_blocked, id=3796, stack(0x00000043f9500000,0x00000043f9600000)]
  0x0000016030e669c0 JavaThread "Common-Cleaner" daemon [_thread_blocked, id=14016, stack(0x00000043f9600000,0x00000043f9700000)]
  0x0000016031a05710 JavaThread "Monitor Ctrl-Break" daemon [_thread_in_native, id=4768, stack(0x00000043f9700000,0x00000043f9800000)]
  0x000001603191fb70 JavaThread "Notification Thread" daemon [_thread_blocked, id=9668, stack(0x00000043f9800000,0x00000043f9900000)]

Other Threads:
=>0x0000016030e80250 VMThread "VM Thread" [stack: 0x00000043f8d00000,0x00000043f8e00000] [id=10672]
  0x0000016010cbc980 WatcherThread [stack: 0x00000043f9900000,0x00000043f9a00000] [id=9560]
  0x0000016010cfd810 GCTaskThread "GC Thread#0" [stack: 0x00000043f8800000,0x00000043f8900000] [id=2920]
  0x0000016031917f60 GCTaskThread "GC Thread#1" [stack: 0x00000043f9b00000,0x00000043f9c00000] [id=12760]
  0x0000016031bfcb60 GCTaskThread "GC Thread#2" [stack: 0x00000043f9c00000,0x00000043f9d00000] [id=14040]
  0x0000016031bfd820 GCTaskThread "GC Thread#3" [stack: 0x00000043f9e00000,0x00000043f9f00000] [id=12888]
  0x0000016010d0f580 ConcurrentGCThread "G1 Main Marker" [stack: 0x00000043f8900000,0x00000043f8a00000] [id=1660]
  0x0000016010d10080 ConcurrentGCThread "G1 Conc#0" [stack: 0x00000043f8a00000,0x00000043f8b00000] [id=12904]
  0x0000016010d784d0 ConcurrentGCThread "G1 Refine#0" [stack: 0x00000043f8b00000,0x00000043f8c00000] [id=8548]
  0x0000016031f1c620 ConcurrentGCThread "G1 Refine#1" [stack: 0x00000043f9d00000,0x00000043f9e00000] [id=12436]
  0x0000016031c2bf80 ConcurrentGCThread "G1 Refine#2" [stack: 0x00000043f9f00000,0x00000043fa000000] [id=9968]
  0x0000016010d78fe0 ConcurrentGCThread "G1 Young RemSet Sampling" [stack: 0x00000043f8c00000,0x00000043f8d00000] [id=12600]

Threads with active compile tasks:

VM state: at safepoint (normal execution)

VM Mutex/Monitor currently owned by a thread:  ([mutex/lock_event])
[0x0000016010cb7c80] Threads_lock - owner thread: 0x0000016030e80250
[0x0000016010cb9780] Heap_lock - owner thread: 0x0000016010cbbbc0

Heap address: 0x0000000081800000, size: 2024 MB, Compressed Oops mode: 32-bit
CDS archive(s) mapped at: [0x0000000800000000-0x0000000800b50000-0x0000000800b50000), size 11862016, SharedBaseAddress: 0x0000000800000000, ArchiveRelocationMode: 0.
Compressed class space mapped at: 0x0000000800b50000-0x0000000840b50000, size: 1073741824
Narrow klass base: 0x0000000800000000, Narrow klass shift: 3, Narrow klass range: 0x100000000

GC Precious Log:
 CPUs: 4 total, 4 available
 Memory: 8089M
 Large Page Support: Disabled
 NUMA Support: Disabled
 Compressed Oops: Enabled (32-bit)
 Heap Region Size: 1M
 Heap Min Capacity: 8M
 Heap Initial Capacity: 128M
 Heap Max Capacity: 2024M
 Pre-touch: Disabled
 Parallel Workers: 4
 Concurrent Workers: 1
 Concurrent Refinement Workers: 4
 Periodic GC: Disabled

Heap:
 garbage-first heap   total 526336K, used 29928K [0x0000000081800000, 0x0000000100000000)
  region size 1024K, 11 young (11264K), 11 survivors (11264K)
 Metaspace       used 1206K, capacity 4588K, committed 4864K, reserved 1056768K
  class space    used 102K, capacity 396K, committed 512K, reserved 1048576K

Heap Regions: E=young(eden), S=young(survivor), O=old, HS=humongous(starts), HC=humongous(continues), CS=collection set, F=free, OA=open archive, CA=closed archive, TAMS=top-at-mark-start (previous, next)
|   0|0x0000000081800000, 0x0000000081900000, 0x0000000081900000|100%|HS|  |TAMS 0x0000000081800000, 0x0000000081800000| Complete 
|   1|0x0000000081900000, 0x0000000081a00000, 0x0000000081a00000|100%| O|  |TAMS 0x0000000081900000, 0x0000000081900000| Untracked 
|   2|0x0000000081a00000, 0x0000000081b00000, 0x0000000081b00000|100%| O|  |TAMS 0x0000000081a00000, 0x0000000081a00000| Untracked 
|   3|0x0000000081b00000, 0x0000000081c00000, 0x0000000081c00000|100%|HS|  |TAMS 0x0000000081b00000, 0x0000000081b00000| Complete 
|   4|0x0000000081c00000, 0x0000000081d00000, 0x0000000081d00000|100%|HS|  |TAMS 0x0000000081c00000, 0x0000000081c00000| Complete 
|   5|0x0000000081d00000, 0x0000000081e00000, 0x0000000081e00000|100%|HC|  |TAMS 0x0000000081d00000, 0x0000000081d00000| Complete 
|   6|0x0000000081e00000, 0x0000000081f00000, 0x0000000081f00000|100%| O|  |TAMS 0x0000000081e00000, 0x0000000081e00000| Untracked 
|   7|0x0000000081f00000, 0x0000000082000000, 0x0000000082000000|100%| O|  |TAMS 0x0000000081f00000, 0x0000000081f00000| Untracked 
|   8|0x0000000082000000, 0x0000000082100000, 0x0000000082100000|100%|HS|  |TAMS 0x0000000082000000, 0x0000000082000000| Complete 
|   9|0x0000000082100000, 0x0000000082200000, 0x0000000082200000|100%|HC|  |TAMS 0x0000000082100000, 0x0000000082100000| Complete 
|  10|0x0000000082200000, 0x0000000082300000, 0x0000000082300000|100%|HC|  |TAMS 0x0000000082200000, 0x0000000082200000| Complete 
|  11|0x0000000082300000, 0x0000000082400000, 0x0000000082400000|100%| O|  |TAMS 0x0000000082300000, 0x0000000082300000| Untracked 
|  12|0x0000000082400000, 0x0000000082500000, 0x0000000082500000|100%| O|  |TAMS 0x0000000082400000, 0x0000000082400000| Untracked 
|  13|0x0000000082500000, 0x0000000082600000, 0x0000000082600000|100%| O|  |TAMS 0x0000000082500000, 0x0000000082500000| Untracked 
|  14|0x0000000082600000, 0x0000000082700000, 0x0000000082700000|100%| O|  |TAMS 0x0000000082600000, 0x0000000082600000| Untracked 
|  15|0x0000000082700000, 0x0000000082800000, 0x0000000082800000|100%| O|  |TAMS 0x0000000082700000, 0x0000000082700000| Untracked 
|  16|0x0000000082800000, 0x0000000082900000, 0x0000000082900000|100%| O|  |TAMS 0x0000000082800000, 0x0000000082800000| Untracked 
|  17|0x0000000082900000, 0x0000000082a00000, 0x0000000082a00000|100%| O|  |TAMS 0x0000000082900000, 0x0000000082900000| Untracked 
|  18|0x0000000082a00000, 0x0000000082abd800, 0x0000000082b00000| 74%| O|  |TAMS 0x0000000082a00000, 0x0000000082a00000| Untracked 
|  19|0x0000000082b00000, 0x0000000082b00000, 0x0000000082c00000|  0%| F|  |TAMS 0x0000000082b00000, 0x0000000082b00000| Untracked 
|  20|0x0000000082c00000, 0x0000000082c00000, 0x0000000082d00000|  0%| F|  |TAMS 0x0000000082c00000, 0x0000000082c00000| Untracked 
|  21|0x0000000082d00000, 0x0000000082d00000, 0x0000000082e00000|  0%| F|  |TAMS 0x0000000082d00000, 0x0000000082d00000| Untracked 
|  22|0x0000000082e00000, 0x0000000082e00000, 0x0000000082f00000|  0%| F|  |TAMS 0x0000000082e00000, 0x0000000082e00000| Untracked 
|  23|0x0000000082f00000, 0x0000000082f00000, 0x0000000083000000|  0%| F|  |TAMS 0x0000000082f00000, 0x0000000082f00000| Untracked 
|  24|0x0000000083000000, 0x0000000083000000, 0x0000000083100000|  0%| F|  |TAMS 0x0000000083000000, 0x0000000083000000| Untracked 
|  25|0x0000000083100000, 0x0000000083100000, 0x0000000083200000|  0%| F|  |TAMS 0x0000000083100000, 0x0000000083100000| Untracked 
|  26|0x0000000083200000, 0x0000000083200000, 0x0000000083300000|  0%| F|  |TAMS 0x0000000083200000, 0x0000000083200000| Untracked 
|  27|0x0000000083300000, 0x0000000083300000, 0x0000000083400000|  0%| F|  |TAMS 0x0000000083300000, 0x0000000083300000| Untracked 
|  28|0x0000000083400000, 0x0000000083400000, 0x0000000083500000|  0%| F|  |TAMS 0x0000000083400000, 0x0000000083400000| Untracked 
|  29|0x0000000083500000, 0x0000000083500000, 0x0000000083600000|  0%| F|  |TAMS 0x0000000083500000, 0x0000000083500000| Untracked 
|  30|0x0000000083600000, 0x0000000083600000, 0x0000000083700000|  0%| F|  |TAMS 0x0000000083600000, 0x0000000083600000| Untracked 
|  31|0x0000000083700000, 0x0000000083700000, 0x0000000083800000|  0%| F|  |TAMS 0x0000000083700000, 0x0000000083700000| Untracked 
|  32|0x0000000083800000, 0x0000000083800000, 0x0000000083900000|  0%| F|  |TAMS 0x0000000083800000, 0x0000000083800000| Untracked 
|  33|0x0000000083900000, 0x0000000083900000, 0x0000000083a00000|  0%| F|  |TAMS 0x0000000083900000, 0x0000000083900000| Untracked 
|  34|0x0000000083a00000, 0x0000000083a00000, 0x0000000083b00000|  0%| F|  |TAMS 0x0000000083a00000, 0x0000000083a00000| Untracked 
|  35|0x0000000083b00000, 0x0000000083b00000, 0x0000000083c00000|  0%| F|  |TAMS 0x0000000083b00000, 0x0000000083b00000| Untracked 
|  36|0x0000000083c00000, 0x0000000083c00000, 0x0000000083d00000|  0%| F|  |TAMS 0x0000000083c00000, 0x0000000083c00000| Untracked 
|  37|0x0000000083d00000, 0x0000000083d00000, 0x0000000083e00000|  0%| F|  |TAMS 0x0000000083d00000, 0x0000000083d00000| Untracked 
|  38|0x0000000083e00000, 0x0000000083e00000, 0x0000000083f00000|  0%| F|  |TAMS 0x0000000083e00000, 0x0000000083e00000| Untracked 
|  39|0x0000000083f00000, 0x0000000083f00000, 0x0000000084000000|  0%| F|  |TAMS 0x0000000083f00000, 0x0000000083f00000| Untracked 
|  40|0x0000000084000000, 0x0000000084000000, 0x0000000084100000|  0%| F|  |TAMS 0x0000000084000000, 0x0000000084000000| Untracked 
|  41|0x0000000084100000, 0x0000000084100000, 0x0000000084200000|  0%| F|  |TAMS 0x0000000084100000, 0x0000000084100000| Untracked 
|  42|0x0000000084200000, 0x0000000084200000, 0x0000000084300000|  0%| F|  |TAMS 0x0000000084200000, 0x0000000084200000| Untracked 
|  43|0x0000000084300000, 0x0000000084300000, 0x0000000084400000|  0%| F|  |TAMS 0x0000000084300000, 0x0000000084300000| Untracked 
|  44|0x0000000084400000, 0x0000000084400000, 0x0000000084500000|  0%| F|  |TAMS 0x0000000084400000, 0x0000000084400000| Untracked 
|  45|0x0000000084500000, 0x0000000084500000, 0x0000000084600000|  0%| F|  |TAMS 0x0000000084500000, 0x0000000084500000| Untracked 
|  46|0x0000000084600000, 0x0000000084600000, 0x0000000084700000|  0%| F|  |TAMS 0x0000000084600000, 0x0000000084600000| Untracked 
|  47|0x0000000084700000, 0x0000000084700000, 0x0000000084800000|  0%| F|  |TAMS 0x0000000084700000, 0x0000000084700000| Untracked 
|  48|0x0000000084800000, 0x0000000084800000, 0x0000000084900000|  0%| F|  |TAMS 0x0000000084800000, 0x0000000084800000| Untracked 
|  49|0x0000000084900000, 0x0000000084900000, 0x0000000084a00000|  0%| F|  |TAMS 0x0000000084900000, 0x0000000084900000| Untracked 
|  50|0x0000000084a00000, 0x0000000084a00000, 0x0000000084b00000|  0%| F|  |TAMS 0x0000000084a00000, 0x0000000084a00000| Untracked 
|  51|0x0000000084b00000, 0x0000000084b00000, 0x0000000084c00000|  0%| F|  |TAMS 0x0000000084b00000, 0x0000000084b00000| Untracked 
|  52|0x0000000084c00000, 0x0000000084c00000, 0x0000000084d00000|  0%| F|  |TAMS 0x0000000084c00000, 0x0000000084c00000| Untracked 
|  53|0x0000000084d00000, 0x0000000084d00000, 0x0000000084e00000|  0%| F|  |TAMS 0x0000000084d00000, 0x0000000084d00000| Untracked 
|  54|0x0000000084e00000, 0x0000000084e00000, 0x0000000084f00000|  0%| F|  |TAMS 0x0000000084e00000, 0x0000000084e00000| Untracked 
|  55|0x0000000084f00000, 0x0000000084f00000, 0x0000000085000000|  0%| F|  |TAMS 0x0000000084f00000, 0x0000000084f00000| Untracked 
|  56|0x0000000085000000, 0x0000000085000000, 0x0000000085100000|  0%| F|  |TAMS 0x0000000085000000, 0x0000000085000000| Untracked 
|  57|0x0000000085100000, 0x0000000085100000, 0x0000000085200000|  0%| F|  |TAMS 0x0000000085100000, 0x0000000085100000| Untracked 
|  58|0x0000000085200000, 0x0000000085200000, 0x0000000085300000|  0%| F|  |TAMS 0x0000000085200000, 0x0000000085200000| Untracked 
|  59|0x0000000085300000, 0x0000000085300000, 0x0000000085400000|  0%| F|  |TAMS 0x0000000085300000, 0x0000000085300000| Untracked 
|  60|0x0000000085400000, 0x0000000085400000, 0x0000000085500000|  0%| F|  |TAMS 0x0000000085400000, 0x0000000085400000| Untracked 
|  61|0x0000000085500000, 0x0000000085500000, 0x0000000085600000|  0%| F|  |TAMS 0x0000000085500000, 0x0000000085500000| Untracked 
|  62|0x0000000085600000, 0x0000000085600000, 0x0000000085700000|  0%| F|  |TAMS 0x0000000085600000, 0x0000000085600000| Untracked 
|  63|0x0000000085700000, 0x0000000085700000, 0x0000000085800000|  0%| F|  |TAMS 0x0000000085700000, 0x0000000085700000| Untracked 
|  64|0x0000000085800000, 0x0000000085800000, 0x0000000085900000|  0%| F|  |TAMS 0x0000000085800000, 0x0000000085800000| Untracked 
|  65|0x0000000085900000, 0x0000000085900000, 0x0000000085a00000|  0%| F|  |TAMS 0x0000000085900000, 0x0000000085900000| Untracked 
|  66|0x0000000085a00000, 0x0000000085a00000, 0x0000000085b00000|  0%| F|  |TAMS 0x0000000085a00000, 0x0000000085a00000| Untracked 
|  67|0x0000000085b00000, 0x0000000085b7ca08, 0x0000000085c00000| 48%| S|CS|TAMS 0x0000000085b00000, 0x0000000085b00000| Complete 
|  68|0x0000000085c00000, 0x0000000085d00000, 0x0000000085d00000|100%| S|CS|TAMS 0x0000000085c00000, 0x0000000085c00000| Complete 
|  69|0x0000000085d00000, 0x0000000085e00000, 0x0000000085e00000|100%| S|CS|TAMS 0x0000000085d00000, 0x0000000085d00000| Complete 
|  70|0x0000000085e00000, 0x0000000085f00000, 0x0000000085f00000|100%| S|CS|TAMS 0x0000000085e00000, 0x0000000085e00000| Complete 
|  71|0x0000000085f00000, 0x0000000086000000, 0x0000000086000000|100%| S|CS|TAMS 0x0000000085f00000, 0x0000000085f00000| Complete 
|  72|0x0000000086000000, 0x0000000086100000, 0x0000000086100000|100%| S|CS|TAMS 0x0000000086000000, 0x0000000086000000| Complete 
|  73|0x0000000086100000, 0x0000000086200000, 0x0000000086200000|100%| S|CS|TAMS 0x0000000086100000, 0x0000000086100000| Complete 
|  74|0x0000000086200000, 0x0000000086300000, 0x0000000086300000|100%| S|CS|TAMS 0x0000000086200000, 0x0000000086200000| Complete 
|  75|0x0000000086300000, 0x0000000086400000, 0x0000000086400000|100%| S|CS|TAMS 0x0000000086300000, 0x0000000086300000| Complete 
|  76|0x0000000086400000, 0x0000000086400000, 0x0000000086500000|  0%| F|  |TAMS 0x0000000086400000, 0x0000000086400000| Untracked 
|  77|0x0000000086500000, 0x0000000086500000, 0x0000000086600000|  0%| F|  |TAMS 0x0000000086500000, 0x0000000086500000| Untracked 
|  78|0x0000000086600000, 0x0000000086600000, 0x0000000086700000|  0%| F|  |TAMS 0x0000000086600000, 0x0000000086600000| Untracked 
|  79|0x0000000086700000, 0x0000000086700000, 0x0000000086800000|  0%| F|  |TAMS 0x0000000086700000, 0x0000000086700000| Untracked 
|  80|0x0000000086800000, 0x0000000086800000, 0x0000000086900000|  0%| F|  |TAMS 0x0000000086800000, 0x0000000086800000| Untracked 
|  81|0x0000000086900000, 0x0000000086900000, 0x0000000086a00000|  0%| F|  |TAMS 0x0000000086900000, 0x0000000086900000| Untracked 
|  82|0x0000000086a00000, 0x0000000086a00000, 0x0000000086b00000|  0%| F|  |TAMS 0x0000000086a00000, 0x0000000086a00000| Untracked 
|  83|0x0000000086b00000, 0x0000000086b00000, 0x0000000086c00000|  0%| F|  |TAMS 0x0000000086b00000, 0x0000000086b00000| Untracked 
|  84|0x0000000086c00000, 0x0000000086c00000, 0x0000000086d00000|  0%| F|  |TAMS 0x0000000086c00000, 0x0000000086c00000| Untracked 
|  85|0x0000000086d00000, 0x0000000086d00000, 0x0000000086e00000|  0%| F|  |TAMS 0x0000000086d00000, 0x0000000086d00000| Untracked 
|  86|0x0000000086e00000, 0x0000000086f00000, 0x0000000086f00000|100%| S|CS|TAMS 0x0000000086e00000, 0x0000000086e00000| Complete 
|  87|0x0000000086f00000, 0x0000000087000000, 0x0000000087000000|100%| S|CS|TAMS 0x0000000086f00000, 0x0000000086f00000| Complete 
|  88|0x0000000087000000, 0x0000000087000000, 0x0000000087100000|  0%| F|  |TAMS 0x0000000087000000, 0x0000000087000000| Untracked 
|  89|0x0000000087100000, 0x0000000087100000, 0x0000000087200000|  0%| F|  |TAMS 0x0000000087100000, 0x0000000087100000| Untracked 
|  90|0x0000000087200000, 0x0000000087200000, 0x0000000087300000|  0%| F|  |TAMS 0x0000000087200000, 0x0000000087200000| Untracked 
|  91|0x0000000087300000, 0x0000000087300000, 0x0000000087400000|  0%| F|  |TAMS 0x0000000087300000, 0x0000000087300000| Untracked 
|  92|0x0000000087400000, 0x0000000087400000, 0x0000000087500000|  0%| F|  |TAMS 0x0000000087400000, 0x0000000087400000| Untracked 
|  93|0x0000000087500000, 0x0000000087500000, 0x0000000087600000|  0%| F|  |TAMS 0x0000000087500000, 0x0000000087500000| Untracked 
|  94|0x0000000087600000, 0x0000000087600000, 0x0000000087700000|  0%| F|  |TAMS 0x0000000087600000, 0x0000000087600000| Untracked 
|  95|0x0000000087700000, 0x0000000087700000, 0x0000000087800000|  0%| F|  |TAMS 0x0000000087700000, 0x0000000087700000| Untracked 
|  96|0x0000000087800000, 0x0000000087800000, 0x0000000087900000|  0%| F|  |TAMS 0x0000000087800000, 0x0000000087800000| Untracked 
|  97|0x0000000087900000, 0x0000000087900000, 0x0000000087a00000|  0%| F|  |TAMS 0x0000000087900000, 0x0000000087900000| Untracked 
|  98|0x0000000087a00000, 0x0000000087a00000, 0x0000000087b00000|  0%| F|  |TAMS 0x0000000087a00000, 0x0000000087a00000| Untracked 
|  99|0x0000000087b00000, 0x0000000087b00000, 0x0000000087c00000|  0%| F|  |TAMS 0x0000000087b00000, 0x0000000087b00000| Untracked 
| 100|0x0000000087c00000, 0x0000000087c00000, 0x0000000087d00000|  0%| F|  |TAMS 0x0000000087c00000, 0x0000000087c00000| Untracked 
| 101|0x0000000087d00000, 0x0000000087d00000, 0x0000000087e00000|  0%| F|  |TAMS 0x0000000087d00000, 0x0000000087d00000| Untracked 
| 102|0x0000000087e00000, 0x0000000087e00000, 0x0000000087f00000|  0%| F|  |TAMS 0x0000000087e00000, 0x0000000087e00000| Untracked 
| 103|0x0000000087f00000, 0x0000000087f00000, 0x0000000088000000|  0%| F|  |TAMS 0x0000000087f00000, 0x0000000087f00000| Untracked 
| 104|0x0000000088000000, 0x0000000088000000, 0x0000000088100000|  0%| F|  |TAMS 0x0000000088000000, 0x0000000088000000| Untracked 
| 105|0x0000000088100000, 0x0000000088100000, 0x0000000088200000|  0%| F|  |TAMS 0x0000000088100000, 0x0000000088100000| Untracked 
| 106|0x0000000088200000, 0x0000000088200000, 0x0000000088300000|  0%| F|  |TAMS 0x0000000088200000, 0x0000000088200000| Untracked 
| 107|0x0000000088300000, 0x0000000088300000, 0x0000000088400000|  0%| F|  |TAMS 0x0000000088300000, 0x0000000088300000| Untracked 
| 108|0x0000000088400000, 0x0000000088400000, 0x0000000088500000|  0%| F|  |TAMS 0x0000000088400000, 0x0000000088400000| Untracked 
| 109|0x0000000088500000, 0x0000000088500000, 0x0000000088600000|  0%| F|  |TAMS 0x0000000088500000, 0x0000000088500000| Untracked 
| 110|0x0000000088600000, 0x0000000088600000, 0x0000000088700000|  0%| F|  |TAMS 0x0000000088600000, 0x0000000088600000| Untracked 
| 111|0x0000000088700000, 0x0000000088700000, 0x0000000088800000|  0%| F|  |TAMS 0x0000000088700000, 0x0000000088700000| Untracked 
| 112|0x0000000088800000, 0x0000000088800000, 0x0000000088900000|  0%| F|  |TAMS 0x0000000088800000, 0x0000000088800000| Untracked 
| 113|0x0000000088900000, 0x0000000088900000, 0x0000000088a00000|  0%| F|  |TAMS 0x0000000088900000, 0x0000000088900000| Untracked 
| 114|0x0000000088a00000, 0x0000000088a00000, 0x0000000088b00000|  0%| F|  |TAMS 0x0000000088a00000, 0x0000000088a00000| Untracked 
| 115|0x0000000088b00000, 0x0000000088b00000, 0x0000000088c00000|  0%| F|  |TAMS 0x0000000088b00000, 0x0000000088b00000| Untracked 
| 116|0x0000000088c00000, 0x0000000088c00000, 0x0000000088d00000|  0%| F|  |TAMS 0x0000000088c00000, 0x0000000088c00000| Untracked 
| 117|0x0000000088d00000, 0x0000000088d00000, 0x0000000088e00000|  0%| F|  |TAMS 0x0000000088d00000, 0x0000000088d00000| Untracked 
| 118|0x0000000088e00000, 0x0000000088e00000, 0x0000000088f00000|  0%| F|  |TAMS 0x0000000088e00000, 0x0000000088e00000| Untracked 
| 119|0x0000000088f00000, 0x0000000088f00000, 0x0000000089000000|  0%| F|  |TAMS 0x0000000088f00000, 0x0000000088f00000| Untracked 
| 120|0x0000000089000000, 0x0000000089000000, 0x0000000089100000|  0%| F|  |TAMS 0x0000000089000000, 0x0000000089000000| Untracked 
| 121|0x0000000089100000, 0x0000000089100000, 0x0000000089200000|  0%| F|  |TAMS 0x0000000089100000, 0x0000000089100000| Untracked 
| 122|0x0000000089200000, 0x0000000089200000, 0x0000000089300000|  0%| F|  |TAMS 0x0000000089200000, 0x0000000089200000| Untracked 
| 123|0x0000000089300000, 0x0000000089300000, 0x0000000089400000|  0%| F|  |TAMS 0x0000000089300000, 0x0000000089300000| Untracked 
| 124|0x0000000089400000, 0x0000000089400000, 0x0000000089500000|  0%| F|  |TAMS 0x0000000089400000, 0x0000000089400000| Untracked 
| 125|0x0000000089500000, 0x0000000089500000, 0x0000000089600000|  0%| F|  |TAMS 0x0000000089500000, 0x0000000089500000| Untracked 
| 126|0x0000000089600000, 0x0000000089600000, 0x0000000089700000|  0%| F|  |TAMS 0x0000000089600000, 0x0000000089600000| Untracked 
| 127|0x0000000089700000, 0x0000000089700000, 0x0000000089800000|  0%| F|  |TAMS 0x0000000089700000, 0x0000000089700000| Untracked 
| 128|0x0000000089800000, 0x0000000089800000, 0x0000000089900000|  0%| F|  |TAMS 0x0000000089800000, 0x0000000089800000| Untracked 
| 129|0x0000000089900000, 0x0000000089900000, 0x0000000089a00000|  0%| F|  |TAMS 0x0000000089900000, 0x0000000089900000| Untracked 
| 130|0x0000000089a00000, 0x0000000089a00000, 0x0000000089b00000|  0%| F|  |TAMS 0x0000000089a00000, 0x0000000089a00000| Untracked 
| 131|0x0000000089b00000, 0x0000000089b00000, 0x0000000089c00000|  0%| F|  |TAMS 0x0000000089b00000, 0x0000000089b00000| Untracked 
| 132|0x0000000089c00000, 0x0000000089c00000, 0x0000000089d00000|  0%| F|  |TAMS 0x0000000089c00000, 0x0000000089c00000| Untracked 
| 133|0x0000000089d00000, 0x0000000089d00000, 0x0000000089e00000|  0%| F|  |TAMS 0x0000000089d00000, 0x0000000089d00000| Untracked 
| 134|0x0000000089e00000, 0x0000000089e00000, 0x0000000089f00000|  0%| F|  |TAMS 0x0000000089e00000, 0x0000000089e00000| Untracked 
| 135|0x0000000089f00000, 0x0000000089f00000, 0x000000008a000000|  0%| F|  |TAMS 0x0000000089f00000, 0x0000000089f00000| Untracked 
| 136|0x000000008a000000, 0x000000008a000000, 0x000000008a100000|  0%| F|  |TAMS 0x000000008a000000, 0x000000008a000000| Untracked 
| 137|0x000000008a100000, 0x000000008a100000, 0x000000008a200000|  0%| F|  |TAMS 0x000000008a100000, 0x000000008a100000| Untracked 
| 138|0x000000008a200000, 0x000000008a200000, 0x000000008a300000|  0%| F|  |TAMS 0x000000008a200000, 0x000000008a200000| Untracked 
| 139|0x000000008a300000, 0x000000008a300000, 0x000000008a400000|  0%| F|  |TAMS 0x000000008a300000, 0x000000008a300000| Untracked 
| 140|0x000000008a400000, 0x000000008a400000, 0x000000008a500000|  0%| F|  |TAMS 0x000000008a400000, 0x000000008a400000| Untracked 
| 141|0x000000008a500000, 0x000000008a500000, 0x000000008a600000|  0%| F|  |TAMS 0x000000008a500000, 0x000000008a500000| Untracked 
| 142|0x000000008a600000, 0x000000008a600000, 0x000000008a700000|  0%| F|  |TAMS 0x000000008a600000, 0x000000008a600000| Untracked 
| 143|0x000000008a700000, 0x000000008a700000, 0x000000008a800000|  0%| F|  |TAMS 0x000000008a700000, 0x000000008a700000| Untracked 
| 144|0x000000008a800000, 0x000000008a800000, 0x000000008a900000|  0%| F|  |TAMS 0x000000008a800000, 0x000000008a800000| Untracked 
| 145|0x000000008a900000, 0x000000008a900000, 0x000000008aa00000|  0%| F|  |TAMS 0x000000008a900000, 0x000000008a900000| Untracked 
| 146|0x000000008aa00000, 0x000000008aa00000, 0x000000008ab00000|  0%| F|  |TAMS 0x000000008aa00000, 0x000000008aa00000| Untracked 
| 147|0x000000008ab00000, 0x000000008ab00000, 0x000000008ac00000|  0%| F|  |TAMS 0x000000008ab00000, 0x000000008ab00000| Untracked 
| 148|0x000000008ac00000, 0x000000008ac00000, 0x000000008ad00000|  0%| F|  |TAMS 0x000000008ac00000, 0x000000008ac00000| Untracked 
| 149|0x000000008ad00000, 0x000000008ad00000, 0x000000008ae00000|  0%| F|  |TAMS 0x000000008ad00000, 0x000000008ad00000| Untracked 
| 150|0x000000008ae00000, 0x000000008ae00000, 0x000000008af00000|  0%| F|  |TAMS 0x000000008ae00000, 0x000000008ae00000| Untracked 
| 151|0x000000008af00000, 0x000000008af00000, 0x000000008b000000|  0%| F|  |TAMS 0x000000008af00000, 0x000000008af00000| Untracked 
| 152|0x000000008b000000, 0x000000008b000000, 0x000000008b100000|  0%| F|  |TAMS 0x000000008b000000, 0x000000008b000000| Untracked 
| 153|0x000000008b100000, 0x000000008b100000, 0x000000008b200000|  0%| F|  |TAMS 0x000000008b100000, 0x000000008b100000| Untracked 
| 154|0x000000008b200000, 0x000000008b200000, 0x000000008b300000|  0%| F|  |TAMS 0x000000008b200000, 0x000000008b200000| Untracked 
| 155|0x000000008b300000, 0x000000008b300000, 0x000000008b400000|  0%| F|  |TAMS 0x000000008b300000, 0x000000008b300000| Untracked 
| 156|0x000000008b400000, 0x000000008b400000, 0x000000008b500000|  0%| F|  |TAMS 0x000000008b400000, 0x000000008b400000| Untracked 
| 157|0x000000008b500000, 0x000000008b500000, 0x000000008b600000|  0%| F|  |TAMS 0x000000008b500000, 0x000000008b500000| Untracked 
| 158|0x000000008b600000, 0x000000008b600000, 0x000000008b700000|  0%| F|  |TAMS 0x000000008b600000, 0x000000008b600000| Untracked 
| 159|0x000000008b700000, 0x000000008b700000, 0x000000008b800000|  0%| F|  |TAMS 0x000000008b700000, 0x000000008b700000| Untracked 
| 160|0x000000008b800000, 0x000000008b800000, 0x000000008b900000|  0%| F|  |TAMS 0x000000008b800000, 0x000000008b800000| Untracked 
| 161|0x000000008b900000, 0x000000008b900000, 0x000000008ba00000|  0%| F|  |TAMS 0x000000008b900000, 0x000000008b900000| Untracked 
| 162|0x000000008ba00000, 0x000000008ba00000, 0x000000008bb00000|  0%| F|  |TAMS 0x000000008ba00000, 0x000000008ba00000| Untracked 
| 163|0x000000008bb00000, 0x000000008bb00000, 0x000000008bc00000|  0%| F|  |TAMS 0x000000008bb00000, 0x000000008bb00000| Untracked 
| 164|0x000000008bc00000, 0x000000008bc00000, 0x000000008bd00000|  0%| F|  |TAMS 0x000000008bc00000, 0x000000008bc00000| Untracked 
| 165|0x000000008bd00000, 0x000000008bd00000, 0x000000008be00000|  0%| F|  |TAMS 0x000000008bd00000, 0x000000008bd00000| Untracked 
| 166|0x000000008be00000, 0x000000008be00000, 0x000000008bf00000|  0%| F|  |TAMS 0x000000008be00000, 0x000000008be00000| Untracked 
| 167|0x000000008bf00000, 0x000000008bf00000, 0x000000008c000000|  0%| F|  |TAMS 0x000000008bf00000, 0x000000008bf00000| Untracked 
| 168|0x000000008c000000, 0x000000008c000000, 0x000000008c100000|  0%| F|  |TAMS 0x000000008c000000, 0x000000008c000000| Untracked 
| 169|0x000000008c100000, 0x000000008c100000, 0x000000008c200000|  0%| F|  |TAMS 0x000000008c100000, 0x000000008c100000| Untracked 
| 170|0x000000008c200000, 0x000000008c200000, 0x000000008c300000|  0%| F|  |TAMS 0x000000008c200000, 0x000000008c200000| Untracked 
| 171|0x000000008c300000, 0x000000008c300000, 0x000000008c400000|  0%| F|  |TAMS 0x000000008c300000, 0x000000008c300000| Untracked 
| 172|0x000000008c400000, 0x000000008c400000, 0x000000008c500000|  0%| F|  |TAMS 0x000000008c400000, 0x000000008c400000| Untracked 
| 173|0x000000008c500000, 0x000000008c500000, 0x000000008c600000|  0%| F|  |TAMS 0x000000008c500000, 0x000000008c500000| Untracked 
| 174|0x000000008c600000, 0x000000008c600000, 0x000000008c700000|  0%| F|  |TAMS 0x000000008c600000, 0x000000008c600000| Untracked 
| 175|0x000000008c700000, 0x000000008c700000, 0x000000008c800000|  0%| F|  |TAMS 0x000000008c700000, 0x000000008c700000| Untracked 
| 176|0x000000008c800000, 0x000000008c800000, 0x000000008c900000|  0%| F|  |TAMS 0x000000008c800000, 0x000000008c800000| Untracked 
| 177|0x000000008c900000, 0x000000008c900000, 0x000000008ca00000|  0%| F|  |TAMS 0x000000008c900000, 0x000000008c900000| Untracked 
| 178|0x000000008ca00000, 0x000000008ca00000, 0x000000008cb00000|  0%| F|  |TAMS 0x000000008ca00000, 0x000000008ca00000| Untracked 
| 179|0x000000008cb00000, 0x000000008cb00000, 0x000000008cc00000|  0%| F|  |TAMS 0x000000008cb00000, 0x000000008cb00000| Untracked 
| 180|0x000000008cc00000, 0x000000008cc00000, 0x000000008cd00000|  0%| F|  |TAMS 0x000000008cc00000, 0x000000008cc00000| Untracked 
| 181|0x000000008cd00000, 0x000000008cd00000, 0x000000008ce00000|  0%| F|  |TAMS 0x000000008cd00000, 0x000000008cd00000| Untracked 
| 182|0x000000008ce00000, 0x000000008ce00000, 0x000000008cf00000|  0%| F|  |TAMS 0x000000008ce00000, 0x000000008ce00000| Untracked 
| 183|0x000000008cf00000, 0x000000008cf00000, 0x000000008d000000|  0%| F|  |TAMS 0x000000008cf00000, 0x000000008cf00000| Untracked 
| 184|0x000000008d000000, 0x000000008d000000, 0x000000008d100000|  0%| F|  |TAMS 0x000000008d000000, 0x000000008d000000| Untracked 
| 185|0x000000008d100000, 0x000000008d100000, 0x000000008d200000|  0%| F|  |TAMS 0x000000008d100000, 0x000000008d100000| Untracked 
| 186|0x000000008d200000, 0x000000008d200000, 0x000000008d300000|  0%| F|  |TAMS 0x000000008d200000, 0x000000008d200000| Untracked 
| 187|0x000000008d300000, 0x000000008d300000, 0x000000008d400000|  0%| F|  |TAMS 0x000000008d300000, 0x000000008d300000| Untracked 
| 188|0x000000008d400000, 0x000000008d400000, 0x000000008d500000|  0%| F|  |TAMS 0x000000008d400000, 0x000000008d400000| Untracked 
| 189|0x000000008d500000, 0x000000008d500000, 0x000000008d600000|  0%| F|  |TAMS 0x000000008d500000, 0x000000008d500000| Untracked 
| 190|0x000000008d600000, 0x000000008d600000, 0x000000008d700000|  0%| F|  |TAMS 0x000000008d600000, 0x000000008d600000| Untracked 
| 191|0x000000008d700000, 0x000000008d700000, 0x000000008d800000|  0%| F|  |TAMS 0x000000008d700000, 0x000000008d700000| Untracked 
| 192|0x000000008d800000, 0x000000008d800000, 0x000000008d900000|  0%| F|  |TAMS 0x000000008d800000, 0x000000008d800000| Untracked 

Card table byte_map: [0x000001602a120000,0x000001602a520000] _byte_map_base: 0x0000016029d14000

Marking Bits (Prev, Next): (CMBitMap*) 0x0000016010cfef20, (CMBitMap*) 0x0000016010cfef60
 Prev Bits: [0x000001602a920000, 0x000001602c8c0000)
 Next Bits: [0x000001602c8c0000, 0x000001602e860000)

Polling page: 0x0000016010d80000

Metaspace:

Usage:
  Non-class:      4.09 MB capacity,     1.08 MB ( 26%) used,     3.01 MB ( 74%) free+waste,     1.00 KB ( <1%) overhead. 
      Class:    396.00 KB capacity,   102.40 KB ( 26%) used,   293.04 KB ( 74%) free+waste,   576 bytes ( <1%) overhead. 
       Both:      4.48 MB capacity,     1.18 MB ( 26%) used,     3.30 MB ( 74%) free+waste,     1.56 KB ( <1%) overhead. 

Virtual space:
  Non-class space:        8.00 MB reserved,       4.25 MB ( 53%) committed 
      Class space:        1.00 GB reserved,     512.00 KB ( <1%) committed 
             Both:        1.01 GB reserved,       4.75 MB ( <1%) committed 

Chunk freelists:
   Non-Class:  32.00 KB
       Class:  0 bytes
        Both:  32.00 KB

MaxMetaspaceSize: 17179869184.00 GB
CompressedClassSpaceSize: 1.00 GB

CodeHeap 'non-profiled nmethods': size=120000Kb used=193Kb max_used=193Kb free=119806Kb
 bounds [0x00000160221c0000, 0x0000016022430000, 0x00000160296f0000]
CodeHeap 'profiled nmethods': size=120000Kb used=572Kb max_used=572Kb free=119427Kb
 bounds [0x000001601ac90000, 0x000001601af00000, 0x00000160221c0000]
CodeHeap 'non-nmethods': size=5760Kb used=1132Kb max_used=1167Kb free=4627Kb
 bounds [0x000001601a6f0000, 0x000001601a960000, 0x000001601ac90000]
 total_blobs=740 nmethods=361 adapters=292
 compilation: enabled
              stopped_count=0, restarted_count=0
 full_count=0

Compilation events (20 events):
Event: 1.179 Thread 0x0000016030eaab40  355       3       java.lang.Class::getName (18 bytes)
Event: 1.179 Thread 0x0000016030eaab40 nmethod 355 0x000001601ad1b890 code [0x000001601ad1ba40, 0x000001601ad1bbc8]
Event: 1.179 Thread 0x0000016030eaab40  356       3       java.nio.Buffer::checkSegment (17 bytes)
Event: 1.179 Thread 0x0000016030eaab40 nmethod 356 0x000001601ad1bc90 code [0x000001601ad1be40, 0x000001601ad1bfa8]
Event: 1.179 Thread 0x0000016030eaab40  357       3       java.nio.Buffer::hasRemaining (17 bytes)
Event: 1.179 Thread 0x0000016030eaab40 nmethod 357 0x000001601ad1c090 code [0x000001601ad1c220, 0x000001601ad1c378]
Event: 1.183 Thread 0x0000016030eaab40  358       3       java.lang.Class::getPackageName (81 bytes)
Event: 1.184 Thread 0x0000016030eaab40 nmethod 358 0x000001601ad1c410 code [0x000001601ad1c6a0, 0x000001601ad1d128]
Event: 1.186 Thread 0x0000016030ea5210  359       4       java.util.HashMap$Node::<init> (26 bytes)
Event: 1.186 Thread 0x0000016030eaab40  360       1       java.util.LinkedHashMap::removeEldestEntry (2 bytes)
Event: 1.186 Thread 0x0000016030eaab40 nmethod 360 0x00000160221eff10 code [0x00000160221f00a0, 0x00000160221f0158]
Event: 1.186 Thread 0x0000016030eaab40  361       3       java.util.LinkedHashMap::newNode (23 bytes)
Event: 1.187 Thread 0x0000016030eaab40 nmethod 361 0x000001601ad1d510 code [0x000001601ad1d6e0, 0x000001601ad1dac8]
Event: 1.187 Thread 0x0000016030eaab40  362       3       java.util.LinkedHashMap::afterNodeInsertion (40 bytes)
Event: 1.187 Thread 0x0000016030eaab40 nmethod 362 0x000001601ad1dc90 code [0x000001601ad1de40, 0x000001601ad1e038]
Event: 1.187 Thread 0x0000016030eaab40  363       3       java.util.LinkedHashMap$Entry::<init> (10 bytes)
Event: 1.187 Thread 0x0000016030eaab40 nmethod 363 0x000001601ad1e110 code [0x000001601ad1e2c0, 0x000001601ad1e598]
Event: 1.187 Thread 0x0000016030eaab40  364       3       jdk.internal.misc.Unsafe::allocateUninitializedArray0 (90 bytes)
Event: 1.188 Thread 0x0000016030eaab40 nmethod 364 0x000001601ad1e690 code [0x000001601ad1e880, 0x000001601ad1f138]
Event: 1.190 Thread 0x0000016030ea5210 nmethod 359 0x00000160221f0210 code [0x00000160221f0380, 0x00000160221f06d8]

GC Heap History (17 events):
Event: 0.344 GC heap before
{Heap before GC invocations=0 (full 0):
 garbage-first heap   total 131072K, used 13312K [0x0000000081800000, 0x0000000100000000)
  region size 1024K, 13 young (13312K), 0 survivors (0K)
 Metaspace       used 946K, capacity 4578K, committed 4864K, reserved 1056768K
  class space    used 84K, capacity 394K, committed 512K, reserved 1048576K
}
Event: 0.349 GC heap after
{Heap after GC invocations=1 (full 0):
 garbage-first heap   total 131072K, used 1217K [0x0000000081800000, 0x0000000100000000)
  region size 1024K, 2 young (2048K), 2 survivors (2048K)
 Metaspace       used 946K, capacity 4578K, committed 4864K, reserved 1056768K
  class space    used 84K, capacity 394K, committed 512K, reserved 1048576K
}
Event: 0.421 GC heap before
{Heap before GC invocations=1 (full 0):
 garbage-first heap   total 131072K, used 19649K [0x0000000081800000, 0x0000000100000000)
  region size 1024K, 20 young (20480K), 2 survivors (2048K)
 Metaspace       used 947K, capacity 4578K, committed 4864K, reserved 1056768K
  class space    used 84K, capacity 394K, committed 512K, reserved 1048576K
}
Event: 0.425 GC heap after
{Heap after GC invocations=2 (full 0):
 garbage-first heap   total 131072K, used 1867K [0x0000000081800000, 0x0000000100000000)
  region size 1024K, 2 young (2048K), 2 survivors (2048K)
 Metaspace       used 947K, capacity 4578K, committed 4864K, reserved 1056768K
  class space    used 84K, capacity 394K, committed 512K, reserved 1048576K
}
Event: 0.568 GC heap before
{Heap before GC invocations=2 (full 0):
 garbage-first heap   total 131072K, used 77643K [0x0000000081800000, 0x0000000100000000)
  region size 1024K, 76 young (77824K), 2 survivors (2048K)
 Metaspace       used 949K, capacity 4578K, committed 4864K, reserved 1056768K
  class space    used 84K, capacity 394K, committed 512K, reserved 1048576K
}
Event: 0.576 GC heap after
{Heap after GC invocations=3 (full 0):
 garbage-first heap   total 131072K, used 4298K [0x0000000081800000, 0x0000000100000000)
  region size 1024K, 5 young (5120K), 5 survivors (5120K)
 Metaspace       used 949K, capacity 4578K, committed 4864K, reserved 1056768K
  class space    used 84K, capacity 394K, committed 512K, reserved 1048576K
}
Event: 0.635 GC heap before
{Heap before GC invocations=3 (full 0):
 garbage-first heap   total 131072K, used 78026K [0x0000000081800000, 0x0000000100000000)
  region size 1024K, 76 young (77824K), 5 survivors (5120K)
 Metaspace       used 949K, capacity 4578K, committed 4864K, reserved 1056768K
  class space    used 84K, capacity 394K, committed 512K, reserved 1048576K
}
Event: 0.647 GC heap after
{Heap after GC invocations=4 (full 0):
 garbage-first heap   total 131072K, used 7389K [0x0000000081800000, 0x0000000100000000)
  region size 1024K, 7 young (7168K), 7 survivors (7168K)
 Metaspace       used 949K, capacity 4578K, committed 4864K, reserved 1056768K
  class space    used 84K, capacity 394K, committed 512K, reserved 1048576K
}
Event: 0.682 GC heap before
{Heap before GC invocations=4 (full 0):
 garbage-first heap   total 131072K, used 78045K [0x0000000081800000, 0x0000000100000000)
  region size 1024K, 76 young (77824K), 7 survivors (7168K)
 Metaspace       used 949K, capacity 4578K, committed 4864K, reserved 1056768K
  class space    used 84K, capacity 394K, committed 512K, reserved 1048576K
}
Event: 0.698 GC heap after
{Heap after GC invocations=5 (full 0):
 garbage-first heap   total 197632K, used 10085K [0x0000000081800000, 0x0000000100000000)
  region size 1024K, 8 young (8192K), 8 survivors (8192K)
 Metaspace       used 949K, capacity 4578K, committed 4864K, reserved 1056768K
  class space    used 84K, capacity 394K, committed 512K, reserved 1048576K
}
Event: 0.803 GC heap before
{Heap before GC invocations=5 (full 0):
 garbage-first heap   total 197632K, used 120677K [0x0000000081800000, 0x0000000100000000)
  region size 1024K, 115 young (117760K), 8 survivors (8192K)
 Metaspace       used 949K, capacity 4578K, committed 4864K, reserved 1056768K
  class space    used 84K, capacity 394K, committed 512K, reserved 1048576K
}
Event: 0.824 GC heap after
{Heap after GC invocations=6 (full 0):
 garbage-first heap   total 197632K, used 14128K [0x0000000081800000, 0x0000000100000000)
  region size 1024K, 11 young (11264K), 11 survivors (11264K)
 Metaspace       used 949K, capacity 4578K, committed 4864K, reserved 1056768K
  class space    used 84K, capacity 394K, committed 512K, reserved 1048576K
}
Event: 0.879 GC heap before
{Heap before GC invocations=6 (full 0):
 garbage-first heap   total 197632K, used 122672K [0x0000000081800000, 0x0000000100000000)
  region size 1024K, 115 young (117760K), 11 survivors (11264K)
 Metaspace       used 949K, capacity 4578K, committed 4864K, reserved 1056768K
  class space    used 84K, capacity 394K, committed 512K, reserved 1048576K
}
Event: 0.908 GC heap after
{Heap after GC invocations=7 (full 0):
 garbage-first heap   total 197632K, used 19794K [0x0000000081800000, 0x0000000100000000)
  region size 1024K, 12 young (12288K), 12 survivors (12288K)
 Metaspace       used 949K, capacity 4578K, committed 4864K, reserved 1056768K
  class space    used 84K, capacity 394K, committed 512K, reserved 1048576K
}
Event: 1.051 GC heap before
{Heap before GC invocations=7 (full 0):
 garbage-first heap   total 197632K, used 128338K [0x0000000081800000, 0x0000000100000000)
  region size 1024K, 115 young (117760K), 12 survivors (12288K)
 Metaspace       used 949K, capacity 4578K, committed 4864K, reserved 1056768K
  class space    used 84K, capacity 394K, committed 512K, reserved 1048576K
}
Event: 1.093 GC heap after
{Heap after GC invocations=8 (full 0):
 garbage-first heap   total 197632K, used 26324K [0x0000000081800000, 0x0000000100000000)
  region size 1024K, 11 young (11264K), 11 survivors (11264K)
 Metaspace       used 949K, capacity 4578K, committed 4864K, reserved 1056768K
  class space    used 84K, capacity 394K, committed 512K, reserved 1048576K
}
Event: 1.190 GC heap before
{Heap before GC invocations=8 (full 0):
 garbage-first heap   total 197632K, used 132820K [0x0000000081800000, 0x0000000100000000)
  region size 1024K, 115 young (117760K), 11 survivors (11264K)
 Metaspace       used 1206K, capacity 4588K, committed 4864K, reserved 1056768K
  class space    used 102K, capacity 396K, committed 512K, reserved 1048576K
}

Deoptimization events (20 events):
Event: 0.587 Thread 0x0000016010cbbbc0 DEOPT PACKING pc=0x000001601ad0a1e8 sp=0x00000043f87ff640
Event: 0.587 Thread 0x0000016010cbbbc0 DEOPT UNPACKING pc=0x000001601a73e23f sp=0x00000043f87feb88 mode 0
Event: 0.596 Thread 0x0000016010cbbbc0 DEOPT PACKING pc=0x000001601ad0a1e8 sp=0x00000043f87ff640
Event: 0.596 Thread 0x0000016010cbbbc0 DEOPT UNPACKING pc=0x000001601a73e23f sp=0x00000043f87feb88 mode 0
Event: 0.612 Thread 0x0000016010cbbbc0 DEOPT PACKING pc=0x000001601ad0a1e8 sp=0x00000043f87ff640
Event: 0.612 Thread 0x0000016010cbbbc0 DEOPT UNPACKING pc=0x000001601a73e23f sp=0x00000043f87feb88 mode 0
Event: 0.623 Thread 0x0000016010cbbbc0 DEOPT PACKING pc=0x000001601ad0a1e8 sp=0x00000043f87ff640
Event: 0.623 Thread 0x0000016010cbbbc0 DEOPT UNPACKING pc=0x000001601a73e23f sp=0x00000043f87feb88 mode 0
Event: 0.632 Thread 0x0000016010cbbbc0 DEOPT PACKING pc=0x000001601ad0a1e8 sp=0x00000043f87ff640
Event: 0.632 Thread 0x0000016010cbbbc0 DEOPT UNPACKING pc=0x000001601a73e23f sp=0x00000043f87feb88 mode 0
Event: 0.651 Thread 0x0000016010cbbbc0 DEOPT PACKING pc=0x000001601ad0a1e8 sp=0x00000043f87ff640
Event: 0.651 Thread 0x0000016010cbbbc0 DEOPT UNPACKING pc=0x000001601a73e23f sp=0x00000043f87feb88 mode 0
Event: 1.151 Thread 0x0000016030ea2850 Uncommon trap: trap_request=0xffffff45 fr.pc=0x00000160221ced18 relative=0x0000000000000078
Event: 1.151 Thread 0x0000016030ea2850 Uncommon trap: reason=unstable_if action=reinterpret pc=0x00000160221ced18 method=java.lang.String.isLatin1()Z @ 10 c2
Event: 1.152 Thread 0x0000016030ea2850 DEOPT PACKING pc=0x00000160221ced18 sp=0x00000043f91fe3e0
Event: 1.152 Thread 0x0000016030ea2850 DEOPT UNPACKING pc=0x000001601a73e42f sp=0x00000043f91fe320 mode 2
Event: 1.165 Thread 0x0000016030ea2850 Uncommon trap: trap_request=0xffffff45 fr.pc=0x00000160221ec65c relative=0x000000000000005c
Event: 1.165 Thread 0x0000016030ea2850 Uncommon trap: reason=unstable_if action=reinterpret pc=0x00000160221ec65c method=java.util.ArrayList$Itr.hasNext()Z @ 11 c2
Event: 1.165 Thread 0x0000016030ea2850 DEOPT PACKING pc=0x00000160221ec65c sp=0x00000043f91fec60
Event: 1.165 Thread 0x0000016030ea2850 DEOPT UNPACKING pc=0x000001601a73e42f sp=0x00000043f91febf8 mode 2

Classes unloaded (0 events):
No events

Classes redefined (0 events):
No events

Internal exceptions (3 events):
Event: 0.261 Thread 0x0000016031a05710 Exception <a 'java/lang/NoSuchMethodError'{0x00000000896d0b80}: 'java.lang.Object java.lang.invoke.DirectMethodHandle$Holder.invokeStatic(java.lang.Object)'> (0x00000000896d0b80) 
thrown [./open/src/hotspot/share/interpreter/linkResolver.cpp, line 782]
Event: 0.262 Thread 0x0000016031a05710 Exception <a 'java/lang/NoSuchMethodError'{0x00000000896d4490}: 'java.lang.Object java.lang.invoke.DirectMethodHandle$Holder.invokeStaticInit(java.lang.Object)'> (0x00000000896d4490) 
thrown [./open/src/hotspot/share/interpreter/linkResolver.cpp, line 782]
Event: 0.271 Thread 0x0000016031a05710 Exception <a 'java/lang/NoSuchMethodError'{0x00000000896e1880}: 'void java.lang.invoke.DirectMethodHandle$Holder.invokeStatic(java.lang.Object, java.lang.Object)'> (0x00000000896e1880) 
thrown [./open/src/hotspot/share/interpreter/linkResolver.cpp, line 782]

Events (20 events):
Event: 1.173 loading class sun/util/cldr/CLDRTimeZoneNameProviderImpl done
Event: 1.177 loading class sun/util/locale/provider/BaseLocaleDataMetaInfo
Event: 1.178 loading class sun/util/locale/provider/BaseLocaleDataMetaInfo done
Event: 1.181 loading class sun/util/resources/cldr/TimeZoneNames
Event: 1.181 loading class sun/util/resources/TimeZoneNamesBundle
Event: 1.182 loading class sun/util/resources/OpenListResourceBundle
Event: 1.182 loading class sun/util/resources/OpenListResourceBundle done
Event: 1.182 loading class sun/util/resources/TimeZoneNamesBundle done
Event: 1.182 loading class sun/util/resources/cldr/TimeZoneNames done
Event: 1.183 loading class sun/util/resources/cldr/TimeZoneNames_en
Event: 1.184 loading class sun/util/resources/cldr/TimeZoneNames_en done
Event: 1.184 loading class sun/util/resources/cldr/TimeZoneNames_en_US
Event: 1.184 loading class sun/util/resources/cldr/TimeZoneNames_en_US done
Event: 1.187 loading class java/util/LinkedHashMap$LinkedKeySet
Event: 1.187 loading class java/util/LinkedHashMap$LinkedKeySet done
Event: 1.187 loading class sun/util/resources/TimeZoneNames
Event: 1.189 loading class sun/util/resources/TimeZoneNames done
Event: 1.189 loading class sun/util/resources/TimeZoneNames_en
Event: 1.189 loading class sun/util/resources/TimeZoneNames_en done
Event: 1.190 Executing VM operation: G1CollectForAllocation


Dynamic libraries:
0x00007ff6efaa0000 - 0x00007ff6efaad000 	C:\Users\M\.jdks\openjdk-15.0.2-2\bin\java.exe
0x00007ffec44e0000 - 0x00007ffec46d0000 	C:\Windows\SYSTEM32\ntdll.dll
0x00007ffe7f430000 - 0x00007ffe7f443000 	C:\Program Files\AVAST Software\Avast\aswhook.dll
0x00007ffec3450000 - 0x00007ffec3502000 	C:\Windows\System32\KERNEL32.DLL
0x00007ffec22d0000 - 0x00007ffec2573000 	C:\Windows\System32\KERNELBASE.dll
0x00007ffec1fe0000 - 0x00007ffec20da000 	C:\Windows\System32\ucrtbase.dll
0x00007ffeb7ba0000 - 0x00007ffeb7bb8000 	C:\Users\M\.jdks\openjdk-15.0.2-2\bin\jli.dll
0x00007ffec2730000 - 0x00007ffec28c4000 	C:\Windows\System32\USER32.dll
0x00007ffec25a0000 - 0x00007ffec25c1000 	C:\Windows\System32\win32u.dll
0x00007ffec28d0000 - 0x00007ffec28f6000 	C:\Windows\System32\GDI32.dll
0x00007ffec20e0000 - 0x00007ffec2274000 	C:\Windows\System32\gdi32full.dll
0x00007ffec1f10000 - 0x00007ffec1fae000 	C:\Windows\System32\msvcp_win.dll
0x00007ffeb6460000 - 0x00007ffeb6479000 	C:\Users\M\.jdks\openjdk-15.0.2-2\bin\VCRUNTIME140.dll
0x00007ffea1830000 - 0x00007ffea1ab5000 	C:\Windows\WinSxS\amd64_microsoft.windows.common-controls_6595b64144ccf1df_6.0.18362.418_none_e6c6b287130d565d\COMCTL32.dll
0x00007ffec3510000 - 0x00007ffec35ae000 	C:\Windows\System32\msvcrt.dll
0x00007ffec30a0000 - 0x00007ffec33d6000 	C:\Windows\System32\combase.dll
0x00007ffec4060000 - 0x00007ffec4180000 	C:\Windows\System32\RPCRT4.dll
0x00007ffec1710000 - 0x00007ffec1790000 	C:\Windows\System32\bcryptPrimitives.dll
0x00007ffec3070000 - 0x00007ffec309e000 	C:\Windows\System32\IMM32.DLL
0x00007ffeba520000 - 0x00007ffeba52c000 	C:\Users\M\.jdks\openjdk-15.0.2-2\bin\vcruntime140_1.dll
0x00007ffeb3480000 - 0x00007ffeb3511000 	C:\Users\M\.jdks\openjdk-15.0.2-2\bin\msvcp140.dll
0x00007ffe5bf10000 - 0x00007ffe5ca6e000 	C:\Users\M\.jdks\openjdk-15.0.2-2\bin\server\jvm.dll
0x00007ffec3cc0000 - 0x00007ffec3d63000 	C:\Windows\System32\ADVAPI32.dll
0x00007ffec43e0000 - 0x00007ffec4477000 	C:\Windows\System32\sechost.dll
0x00007ffec2b30000 - 0x00007ffec2b38000 	C:\Windows\System32\PSAPI.DLL
0x00007ffeaf810000 - 0x00007ffeaf819000 	C:\Windows\SYSTEM32\WSOCK32.dll
0x00007ffec26c0000 - 0x00007ffec272f000 	C:\Windows\System32\WS2_32.dll
0x00007ffeaf850000 - 0x00007ffeaf874000 	C:\Windows\SYSTEM32\WINMM.dll
0x00007ffeb8290000 - 0x00007ffeb829a000 	C:\Windows\SYSTEM32\VERSION.dll
0x00007ffeaf820000 - 0x00007ffeaf84d000 	C:\Windows\SYSTEM32\WINMMBASE.dll
0x00007ffec2280000 - 0x00007ffec22ca000 	C:\Windows\System32\cfgmgr32.dll
0x00007ffec1450000 - 0x00007ffec1461000 	C:\Windows\System32\kernel.appcore.dll
0x00007ffeb8a70000 - 0x00007ffeb8a7a000 	C:\Users\M\.jdks\openjdk-15.0.2-2\bin\jimage.dll
0x00007ffebcb70000 - 0x00007ffebcd64000 	C:\Windows\SYSTEM32\DBGHELP.DLL
0x00007ffeb64e0000 - 0x00007ffeb650a000 	C:\Windows\SYSTEM32\dbgcore.DLL
0x00007ffeb3900000 - 0x00007ffeb390e000 	C:\Users\M\.jdks\openjdk-15.0.2-2\bin\instrument.dll
0x00007ffeb38d0000 - 0x00007ffeb38f5000 	C:\Users\M\.jdks\openjdk-15.0.2-2\bin\java.dll
0x00007ffec35d0000 - 0x00007ffec3cb5000 	C:\Windows\System32\SHELL32.dll
0x00007ffec4330000 - 0x00007ffec43d9000 	C:\Windows\System32\shcore.dll
0x00007ffec1790000 - 0x00007ffec1f0f000 	C:\Windows\System32\windows.storage.dll
0x00007ffec1470000 - 0x00007ffec148f000 	C:\Windows\System32\profapi.dll
0x00007ffec1400000 - 0x00007ffec144a000 	C:\Windows\System32\powrprof.dll
0x00007ffec13f0000 - 0x00007ffec1400000 	C:\Windows\System32\UMPDC.dll
0x00007ffec2650000 - 0x00007ffec26a2000 	C:\Windows\System32\shlwapi.dll
0x00007ffec2580000 - 0x00007ffec2597000 	C:\Windows\System32\cryptsp.dll
0x00007ffeb37a0000 - 0x00007ffeb37b8000 	C:\Users\M\.jdks\openjdk-15.0.2-2\bin\zip.dll
0x00007ffeb38b0000 - 0x00007ffeb38c9000 	C:\Users\M\.jdks\openjdk-15.0.2-2\bin\net.dll
0x00007ffeb5550000 - 0x00007ffeb5640000 	C:\Windows\SYSTEM32\WINHTTP.dll
0x00007ffec0c00000 - 0x00007ffec0c67000 	C:\Windows\system32\mswsock.dll
0x00007ffeb37f0000 - 0x00007ffeb3802000 	C:\Users\M\.jdks\openjdk-15.0.2-2\bin\nio.dll
0x00007ffeb05f0000 - 0x00007ffeb060a000 	C:\Program Files\JetBrains\IntelliJ IDEA Community Edition 2020.3.2\bin\breakgen64.dll

dbghelp: loaded successfully - version: 4.0.5 - missing functions: none
symbol engine: initialized successfully - sym options: 0x614 - pdb path: .;C:\Users\M\.jdks\openjdk-15.0.2-2\bin;C:\Windows\SYSTEM32;C:\Program Files\AVAST Software\Avast;C:\Windows\WinSxS\amd64_microsoft.windows.common-controls_6595b64144ccf1df_6.0.18362.418_none_e6c6b287130d565d;C:\Users\M\.jdks\openjdk-15.0.2-2\bin\server;C:\Program Files\JetBrains\IntelliJ IDEA Community Edition 2020.3.2\bin

VM Arguments:
jvm_args: -javaagent:C:\Program Files\JetBrains\IntelliJ IDEA Community Edition 2020.3.2\lib\idea_rt.jar=52056:C:\Program Files\JetBrains\IntelliJ IDEA Community Edition 2020.3.2\bin -Dfile.encoding=UTF-8 
java_command: com.company.Main
java_class_path (initial): C:\Users\M\IdeaProjects\pr_2_2\out\production\pr_2_2
Launcher Type: SUN_STANDARD

[Global flags]
     intx CICompilerCount                          = 3                                         {product} {ergonomic}
     uint ConcGCThreads                            = 1                                         {product} {ergonomic}
     uint G1ConcRefinementThreads                  = 4                                         {product} {ergonomic}
   size_t G1HeapRegionSize                         = 1048576                                   {product} {ergonomic}
    uintx GCDrainStackTargetSize                   = 64                                        {product} {ergonomic}
   size_t InitialHeapSize                          = 134217728                                 {product} {ergonomic}
   size_t MarkStackSize                            = 4194304                                   {product} {ergonomic}
   size_t MaxHeapSize                              = 2122317824                                {product} {ergonomic}
   size_t MaxNewSize                               = 1272971264                                {product} {ergonomic}
   size_t MinHeapDeltaBytes                        = 1048576                                   {product} {ergonomic}
   size_t MinHeapSize                              = 8388608                                   {product} {ergonomic}
    uintx NonNMethodCodeHeapSize                   = 5832780                                {pd product} {ergonomic}
    uintx NonProfiledCodeHeapSize                  = 122912730                              {pd product} {ergonomic}
    uintx ProfiledCodeHeapSize                     = 122912730                              {pd product} {ergonomic}
    uintx ReservedCodeCacheSize                    = 251658240                              {pd product} {ergonomic}
     bool SegmentedCodeCache                       = true                                      {product} {ergonomic}
   size_t SoftMaxHeapSize                          = 2122317824                             {manageable} {ergonomic}
     bool UseCompressedClassPointers               = true                                 {lp64_product} {ergonomic}
     bool UseCompressedOops                        = true                                 {lp64_product} {ergonomic}
     bool UseG1GC                                  = true                                      {product} {ergonomic}
     bool UseLargePagesIndividualAllocation        = false                                  {pd product} {ergonomic}

Logging:
Log output configuration:
 #0: stdout all=warning uptime,level,tags
 #1: stderr all=off uptime,level,tags

Environment Variables:
PATH=C:\Program Files\Microsoft MPI\Bin\;C:\Windows\system32;C:\Windows;C:\Windows\System32\Wbem;C:\Windows\System32\WindowsPowerShell\v1.0\;C:\Program Files (x86)\Intel\Intel(R) Management Engine Components\DAL;C:\Program Files\Intel\Intel(R) Management Engine Components\DAL;C:\Program Files\dotnet\;C:\Program Files (x86)\NVIDIA Corporation\PhysX\Common;C:\Program Files (x86)\Microsoft SQL Server\150\Tools\Binn\;C:\Program Files\Microsoft SQL Server\150\Tools\Binn\;C:\Program Files (x86)\Microsoft SQL Server\150\DTS\Binn\;C:\Program Files\Microsoft SQL Server\150\DTS\Binn\;C:\Program Files\Microsoft SQL Server\Client SDK\ODBC\170\Tools\Binn\;C:\Program Files\Azure Data Studio\bin;C:\MinGW\bin;C:\MinGW\MSYS\1.0\bin;C:\MinGW\MSYS\1.0\local\bin;C:\Users\M\AppData\Local\Programs\Microsoft VS Code\bin;C:\Users\M\.dotnet\tools;C:\Users\M\.dotnet\tools;C:\Program Files\Azure Data Studio\bin;C:\Program Files\JetBrains\IntelliJ IDEA Community Edition 2020.3.2\bin;
USERNAME=M
OS=Windows_NT
PROCESSOR_IDENTIFIER=Intel64 Family 6 Model 142 Stepping 9, GenuineIntel



---------------  S Y S T E M  ---------------

OS:
 Windows 10 , 64 bit Build 18362 (10.0.18362.329)
OS uptime: 1 days 0:07 hours

CPU: total 4 (initial active 4) (2 cores per cpu, 2 threads per core) family 6 model 142 stepping 9 microcode 0xc6, cmov, cx8, fxsr, mmx, sse, sse2, sse3, ssse3, sse4.1, sse4.2, popcnt, vzeroupper, avx, avx2, aes, clmul, erms, 3dnowpref, lzcnt, ht, tsc, tscinvbit, bmi1, bmi2, adx, fma, clflush, clflushopt

Memory: 4k page, system-wide physical 8089M (1245M free)
TotalPageFile size 8089M (AvailPageFile size 166M)
current process WorkingSet (physical memory assigned to process): 206M, peak: 206M
current process commit charge ("private bytes"): 282M, peak: 603M

vm_info: OpenJDK 64-Bit Server VM (15.0.2+7-27) for windows-amd64 JRE (15.0.2+7-27), built on Dec  7 2020 20:02:38 by "mach5one" with unknown MS VC++:1925

END.
